Analysis & Synthesis report for ROM
Wed Jun 16 11:31:28 2021
Quartus Prime Version 20.1.1 Build 720 11/11/2020 SJ Lite Edition


---------------------
; Table of Contents ;
---------------------
  1. Legal Notice
  2. Analysis & Synthesis Summary
  3. Analysis & Synthesis Settings
  4. Parallel Compilation
  5. Analysis & Synthesis Source Files Read
  6. Analysis & Synthesis Resource Usage Summary
  7. Analysis & Synthesis Resource Utilization by Entity
  8. Analysis & Synthesis RAM Summary
  9. Analysis & Synthesis IP Cores Summary
 10. General Register Statistics
 11. Source assignments for altsyncram:altsyncram_component|altsyncram_99f1:auto_generated
 12. Parameter Settings for User Entity Instance: altsyncram:altsyncram_component
 13. altsyncram Parameter Settings by Entity Instance
 14. Post-Synthesis Netlist Statistics for Top Partition
 15. Elapsed Time Per Partition
 16. Analysis & Synthesis Messages
 17. Analysis & Synthesis Suppressed Messages



----------------
; Legal Notice ;
----------------
Copyright (C) 2020  Intel Corporation. All rights reserved.
Your use of Intel Corporation's design tools, logic functions 
and other software and tools, and any partner logic 
functions, and any output files from any of the foregoing 
(including device programming or simulation files), and any 
associated documentation or information are expressly subject 
to the terms and conditions of the Intel Program License 
Subscription Agreement, the Intel Quartus Prime License Agreement,
the Intel FPGA IP License Agreement, or other applicable license
agreement, including, without limitation, that your use is for
the sole purpose of programming logic devices manufactured by
Intel and sold by Intel or its authorized distributors.  Please
refer to the applicable agreement for further details, at
https://fpgasoftware.intel.com/eula.



+-------------------------------------------------------------------------------+
; Analysis & Synthesis Summary                                                  ;
+---------------------------------+---------------------------------------------+
; Analysis & Synthesis Status     ; Successful - Wed Jun 16 11:31:28 2021       ;
; Quartus Prime Version           ; 20.1.1 Build 720 11/11/2020 SJ Lite Edition ;
; Revision Name                   ; ROM                                         ;
; Top-level Entity Name           ; ROM                                         ;
; Family                          ; Cyclone V                                   ;
; Logic utilization (in ALMs)     ; N/A                                         ;
; Total registers                 ; 0                                           ;
; Total pins                      ; 17                                          ;
; Total virtual pins              ; 0                                           ;
; Total block memory bits         ; 2,048                                       ;
; Total DSP Blocks                ; 0                                           ;
; Total HSSI RX PCSs              ; 0                                           ;
; Total HSSI PMA RX Deserializers ; 0                                           ;
; Total HSSI TX PCSs              ; 0                                           ;
; Total HSSI PMA TX Serializers   ; 0                                           ;
; Total PLLs                      ; 0                                           ;
; Total DLLs                      ; 0                                           ;
+---------------------------------+---------------------------------------------+


+---------------------------------------------------------------------------------------------------------------------------+
; Analysis & Synthesis Settings                                                                                             ;
+---------------------------------------------------------------------------------+--------------------+--------------------+
; Option                                                                          ; Setting            ; Default Value      ;
+---------------------------------------------------------------------------------+--------------------+--------------------+
; Device                                                                          ; 5CSEMA5F31C6       ;                    ;
; Top-level entity name                                                           ; ROM                ; ROM                ;
; Family name                                                                     ; Cyclone V          ; Cyclone V          ;
; Use smart compilation                                                           ; Off                ; Off                ;
; Enable parallel Assembler and Timing Analyzer during compilation                ; On                 ; On                 ;
; Enable compact report table                                                     ; Off                ; Off                ;
; Restructure Multiplexers                                                        ; Auto               ; Auto               ;
; MLAB Add Timing Constraints For Mixed-Port Feed-Through Mode Setting Don't Care ; Off                ; Off                ;
; Create Debugging Nodes for IP Cores                                             ; Off                ; Off                ;
; Preserve fewer node names                                                       ; On                 ; On                 ;
; Intel FPGA IP Evaluation Mode                                                   ; Enable             ; Enable             ;
; Verilog Version                                                                 ; Verilog_2001       ; Verilog_2001       ;
; VHDL Version                                                                    ; VHDL_1993          ; VHDL_1993          ;
; State Machine Processing                                                        ; Auto               ; Auto               ;
; Safe State Machine                                                              ; Off                ; Off                ;
; Extract Verilog State Machines                                                  ; On                 ; On                 ;
; Extract VHDL State Machines                                                     ; On                 ; On                 ;
; Ignore Verilog initial constructs                                               ; Off                ; Off                ;
; Iteration limit for constant Verilog loops                                      ; 5000               ; 5000               ;
; Iteration limit for non-constant Verilog loops                                  ; 250                ; 250                ;
; Add Pass-Through Logic to Inferred RAMs                                         ; On                 ; On                 ;
; Infer RAMs from Raw Logic                                                       ; On                 ; On                 ;
; Parallel Synthesis                                                              ; On                 ; On                 ;
; DSP Block Balancing                                                             ; Auto               ; Auto               ;
; NOT Gate Push-Back                                                              ; On                 ; On                 ;
; Power-Up Don't Care                                                             ; On                 ; On                 ;
; Remove Redundant Logic Cells                                                    ; Off                ; Off                ;
; Remove Duplicate Registers                                                      ; On                 ; On                 ;
; Ignore CARRY Buffers                                                            ; Off                ; Off                ;
; Ignore CASCADE Buffers                                                          ; Off                ; Off                ;
; Ignore GLOBAL Buffers                                                           ; Off                ; Off                ;
; Ignore ROW GLOBAL Buffers                                                       ; Off                ; Off                ;
; Ignore LCELL Buffers                                                            ; Off                ; Off                ;
; Ignore SOFT Buffers                                                             ; On                 ; On                 ;
; Limit AHDL Integers to 32 Bits                                                  ; Off                ; Off                ;
; Optimization Technique                                                          ; Balanced           ; Balanced           ;
; Carry Chain Length                                                              ; 70                 ; 70                 ;
; Auto Carry Chains                                                               ; On                 ; On                 ;
; Auto Open-Drain Pins                                                            ; On                 ; On                 ;
; Perform WYSIWYG Primitive Resynthesis                                           ; Off                ; Off                ;
; Auto ROM Replacement                                                            ; On                 ; On                 ;
; Auto RAM Replacement                                                            ; On                 ; On                 ;
; Auto DSP Block Replacement                                                      ; On                 ; On                 ;
; Auto Shift Register Replacement                                                 ; Auto               ; Auto               ;
; Allow Shift Register Merging across Hierarchies                                 ; Auto               ; Auto               ;
; Auto Clock Enable Replacement                                                   ; On                 ; On                 ;
; Strict RAM Replacement                                                          ; Off                ; Off                ;
; Allow Synchronous Control Signals                                               ; On                 ; On                 ;
; Force Use of Synchronous Clear Signals                                          ; Off                ; Off                ;
; Auto Resource Sharing                                                           ; Off                ; Off                ;
; Allow Any RAM Size For Recognition                                              ; Off                ; Off                ;
; Allow Any ROM Size For Recognition                                              ; Off                ; Off                ;
; Allow Any Shift Register Size For Recognition                                   ; Off                ; Off                ;
; Use LogicLock Constraints during Resource Balancing                             ; On                 ; On                 ;
; Ignore translate_off and synthesis_off directives                               ; Off                ; Off                ;
; Timing-Driven Synthesis                                                         ; On                 ; On                 ;
; Report Parameter Settings                                                       ; On                 ; On                 ;
; Report Source Assignments                                                       ; On                 ; On                 ;
; Report Connectivity Checks                                                      ; On                 ; On                 ;
; Ignore Maximum Fan-Out Assignments                                              ; Off                ; Off                ;
; Synchronization Register Chain Length                                           ; 3                  ; 3                  ;
; Power Optimization During Synthesis                                             ; Normal compilation ; Normal compilation ;
; HDL message level                                                               ; Level2             ; Level2             ;
; Suppress Register Optimization Related Messages                                 ; Off                ; Off                ;
; Number of Removed Registers Reported in Synthesis Report                        ; 5000               ; 5000               ;
; Number of Swept Nodes Reported in Synthesis Report                              ; 5000               ; 5000               ;
; Number of Inverted Registers Reported in Synthesis Report                       ; 100                ; 100                ;
; Clock MUX Protection                                                            ; On                 ; On                 ;
; Auto Gated Clock Conversion                                                     ; Off                ; Off                ;
; Block Design Naming                                                             ; Auto               ; Auto               ;
; SDC constraint protection                                                       ; Off                ; Off                ;
; Synthesis Effort                                                                ; Auto               ; Auto               ;
; Shift Register Replacement - Allow Asynchronous Clear Signal                    ; On                 ; On                 ;
; Pre-Mapping Resynthesis Optimization                                            ; Off                ; Off                ;
; Analysis & Synthesis Message Level                                              ; Medium             ; Medium             ;
; Disable Register Merging Across Hierarchies                                     ; Auto               ; Auto               ;
; Resource Aware Inference For Block RAM                                          ; On                 ; On                 ;
; Automatic Parallel Synthesis                                                    ; On                 ; On                 ;
; Partial Reconfiguration Bitstream ID                                            ; Off                ; Off                ;
+---------------------------------------------------------------------------------+--------------------+--------------------+


+------------------------------------------+
; Parallel Compilation                     ;
+----------------------------+-------------+
; Processors                 ; Number      ;
+----------------------------+-------------+
; Number detected on machine ; 8           ;
; Maximum allowed            ; 4           ;
;                            ;             ;
; Average used               ; 1.00        ;
; Maximum used               ; 1           ;
;                            ;             ;
; Usage by Processor         ; % Time Used ;
;     Processor 1            ; 100.0%      ;
+----------------------------+-------------+


+-----------------------------------------------------------------------------------------------------------------------------------------------------------------------------------------------------------------------------------------------------------------------------------------------------+
; Analysis & Synthesis Source Files Read                                                                                                                                                                                                                                                              ;
+-----------------------------------------------------------------------------------------------------+-----------------+----------------------------------------+--------------------------------------------------------------------------------------------------------------------------+---------+
; File Name with User-Entered Path                                                                    ; Used in Netlist ; File Type                              ; File Name with Absolute Path                                                                                             ; Library ;
+-----------------------------------------------------------------------------------------------------+-----------------+----------------------------------------+--------------------------------------------------------------------------------------------------------------------------+---------+
; ROM.v                                                                                               ; yes             ; User Wizard-Generated File             ; C:/Users/maria/OneDrive - Estudiantes ITCR/Escritorio/Computadores/7 semestre/Taller/Proyecto/Mem/ROM.v                  ;         ;
; altsyncram.tdf                                                                                      ; yes             ; Megafunction                           ; c:/intelfpga_lite/20.1/quartus/libraries/megafunctions/altsyncram.tdf                                                    ;         ;
; stratix_ram_block.inc                                                                               ; yes             ; Megafunction                           ; c:/intelfpga_lite/20.1/quartus/libraries/megafunctions/stratix_ram_block.inc                                             ;         ;
; lpm_mux.inc                                                                                         ; yes             ; Megafunction                           ; c:/intelfpga_lite/20.1/quartus/libraries/megafunctions/lpm_mux.inc                                                       ;         ;
; lpm_decode.inc                                                                                      ; yes             ; Megafunction                           ; c:/intelfpga_lite/20.1/quartus/libraries/megafunctions/lpm_decode.inc                                                    ;         ;
; aglobal201.inc                                                                                      ; yes             ; Megafunction                           ; c:/intelfpga_lite/20.1/quartus/libraries/megafunctions/aglobal201.inc                                                    ;         ;
; a_rdenreg.inc                                                                                       ; yes             ; Megafunction                           ; c:/intelfpga_lite/20.1/quartus/libraries/megafunctions/a_rdenreg.inc                                                     ;         ;
; altrom.inc                                                                                          ; yes             ; Megafunction                           ; c:/intelfpga_lite/20.1/quartus/libraries/megafunctions/altrom.inc                                                        ;         ;
; altram.inc                                                                                          ; yes             ; Megafunction                           ; c:/intelfpga_lite/20.1/quartus/libraries/megafunctions/altram.inc                                                        ;         ;
; altdpram.inc                                                                                        ; yes             ; Megafunction                           ; c:/intelfpga_lite/20.1/quartus/libraries/megafunctions/altdpram.inc                                                      ;         ;
; db/altsyncram_99f1.tdf                                                                              ; yes             ; Auto-Generated Megafunction            ; C:/Users/maria/OneDrive - Estudiantes ITCR/Escritorio/Computadores/7 semestre/Taller/Proyecto/Mem/db/altsyncram_99f1.tdf ;         ;
; /users/maria/onedrive - estudiantes itcr/escritorio/computadores/7 semestre/taller/proyecto/rom.mif ; yes             ; Auto-Found Memory Initialization File  ; /users/maria/onedrive - estudiantes itcr/escritorio/computadores/7 semestre/taller/proyecto/rom.mif                      ;         ;
+-----------------------------------------------------------------------------------------------------+-----------------+----------------------------------------+--------------------------------------------------------------------------------------------------------------------------+---------+


+-----------------------------------------------------------+
; Analysis & Synthesis Resource Usage Summary               ;
+---------------------------------------------+-------------+
; Resource                                    ; Usage       ;
+---------------------------------------------+-------------+
; Estimate of Logic utilization (ALMs needed) ; 0           ;
;                                             ;             ;
; Combinational ALUT usage for logic          ; 0           ;
;     -- 7 input functions                    ; 0           ;
;     -- 6 input functions                    ; 0           ;
;     -- 5 input functions                    ; 0           ;
;     -- 4 input functions                    ; 0           ;
;     -- <=3 input functions                  ; 0           ;
;                                             ;             ;
; Dedicated logic registers                   ; 0           ;
;                                             ;             ;
; I/O pins                                    ; 17          ;
; Total MLAB memory bits                      ; 0           ;
; Total block memory bits                     ; 2048        ;
;                                             ;             ;
; Total DSP Blocks                            ; 0           ;
;                                             ;             ;
; Maximum fan-out node                        ; clock~input ;
; Maximum fan-out                             ; 8           ;
; Total fan-out                               ; 97          ;
; Average fan-out                             ; 2.31        ;
+---------------------------------------------+-------------+


+--------------------------------------------------------------------------------------------------------------------------------------------------------------------------------------------------------------------------------------------------------+
; Analysis & Synthesis Resource Utilization by Entity                                                                                                                                                                                                    ;
+----------------------------------------+---------------------+---------------------------+-------------------+------------+------+--------------+---------------------------------------------------------------------+-----------------+--------------+
; Compilation Hierarchy Node             ; Combinational ALUTs ; Dedicated Logic Registers ; Block Memory Bits ; DSP Blocks ; Pins ; Virtual Pins ; Full Hierarchy Name                                                 ; Entity Name     ; Library Name ;
+----------------------------------------+---------------------+---------------------------+-------------------+------------+------+--------------+---------------------------------------------------------------------+-----------------+--------------+
; |ROM                                   ; 0 (0)               ; 0 (0)                     ; 2048              ; 0          ; 17   ; 0            ; |ROM                                                                ; ROM             ; work         ;
;    |altsyncram:altsyncram_component|   ; 0 (0)               ; 0 (0)                     ; 2048              ; 0          ; 0    ; 0            ; |ROM|altsyncram:altsyncram_component                                ; altsyncram      ; work         ;
;       |altsyncram_99f1:auto_generated| ; 0 (0)               ; 0 (0)                     ; 2048              ; 0          ; 0    ; 0            ; |ROM|altsyncram:altsyncram_component|altsyncram_99f1:auto_generated ; altsyncram_99f1 ; work         ;
+----------------------------------------+---------------------+---------------------------+-------------------+------------+------+--------------+---------------------------------------------------------------------+-----------------+--------------+
Note: For table entries with two numbers listed, the numbers in parentheses indicate the number of resources of the given type used by the specific entity alone. The numbers listed outside of parentheses indicate the total resources of the given type used by the specific entity and all of its sub-entities in the hierarchy.


+-------------------------------------------------------------------------------------------------------------------------------------------------------------------------+
; Analysis & Synthesis RAM Summary                                                                                                                                        ;
+---------------------------------------------------------------------------+------+------+--------------+--------------+--------------+--------------+------+------------+
; Name                                                                      ; Type ; Mode ; Port A Depth ; Port A Width ; Port B Depth ; Port B Width ; Size ; MIF        ;
+---------------------------------------------------------------------------+------+------+--------------+--------------+--------------+--------------+------+------------+
; altsyncram:altsyncram_component|altsyncram_99f1:auto_generated|ALTSYNCRAM ; AUTO ; ROM  ; 256          ; 8            ; --           ; --           ; 2048 ; ../rom.mif ;
+---------------------------------------------------------------------------+------+------+--------------+--------------+--------------+--------------+------+------------+


+---------------------------------------------------------------------------------------------------+
; Analysis & Synthesis IP Cores Summary                                                             ;
+--------+--------------+---------+--------------+--------------+-----------------+-----------------+
; Vendor ; IP Core Name ; Version ; Release Date ; License Type ; Entity Instance ; IP Include File ;
+--------+--------------+---------+--------------+--------------+-----------------+-----------------+
; Altera ; ROM: 1-PORT  ; 20.1    ; N/A          ; N/A          ; |ROM            ; ROM.v           ;
+--------+--------------+---------+--------------+--------------+-----------------+-----------------+


+------------------------------------------------------+
; General Register Statistics                          ;
+----------------------------------------------+-------+
; Statistic                                    ; Value ;
+----------------------------------------------+-------+
; Total registers                              ; 0     ;
; Number of registers using Synchronous Clear  ; 0     ;
; Number of registers using Synchronous Load   ; 0     ;
; Number of registers using Asynchronous Clear ; 0     ;
; Number of registers using Asynchronous Load  ; 0     ;
; Number of registers using Clock Enable       ; 0     ;
; Number of registers using Preset             ; 0     ;
+----------------------------------------------+-------+


+---------------------------------------------------------------------------------------+
; Source assignments for altsyncram:altsyncram_component|altsyncram_99f1:auto_generated ;
+---------------------------------+--------------------+------+-------------------------+
; Assignment                      ; Value              ; From ; To                      ;
+---------------------------------+--------------------+------+-------------------------+
; OPTIMIZE_POWER_DURING_SYNTHESIS ; NORMAL_COMPILATION ; -    ; -                       ;
+---------------------------------+--------------------+------+-------------------------+


+------------------------------------------------------------------------------+
; Parameter Settings for User Entity Instance: altsyncram:altsyncram_component ;
+------------------------------------+----------------------+------------------+
; Parameter Name                     ; Value                ; Type             ;
+------------------------------------+----------------------+------------------+
; BYTE_SIZE_BLOCK                    ; 8                    ; Untyped          ;
; AUTO_CARRY_CHAINS                  ; ON                   ; AUTO_CARRY       ;
; IGNORE_CARRY_BUFFERS               ; OFF                  ; IGNORE_CARRY     ;
; AUTO_CASCADE_CHAINS                ; ON                   ; AUTO_CASCADE     ;
; IGNORE_CASCADE_BUFFERS             ; OFF                  ; IGNORE_CASCADE   ;
; WIDTH_BYTEENA                      ; 1                    ; Untyped          ;
; OPERATION_MODE                     ; ROM                  ; Untyped          ;
; WIDTH_A                            ; 8                    ; Signed Integer   ;
; WIDTHAD_A                          ; 8                    ; Signed Integer   ;
; NUMWORDS_A                         ; 256                  ; Signed Integer   ;
; OUTDATA_REG_A                      ; CLOCK0               ; Untyped          ;
; ADDRESS_ACLR_A                     ; NONE                 ; Untyped          ;
; OUTDATA_ACLR_A                     ; NONE                 ; Untyped          ;
; WRCONTROL_ACLR_A                   ; NONE                 ; Untyped          ;
; INDATA_ACLR_A                      ; NONE                 ; Untyped          ;
; BYTEENA_ACLR_A                     ; NONE                 ; Untyped          ;
; WIDTH_B                            ; 1                    ; Untyped          ;
; WIDTHAD_B                          ; 1                    ; Untyped          ;
; NUMWORDS_B                         ; 1                    ; Untyped          ;
; INDATA_REG_B                       ; CLOCK1               ; Untyped          ;
; WRCONTROL_WRADDRESS_REG_B          ; CLOCK1               ; Untyped          ;
; RDCONTROL_REG_B                    ; CLOCK1               ; Untyped          ;
; ADDRESS_REG_B                      ; CLOCK1               ; Untyped          ;
; OUTDATA_REG_B                      ; UNREGISTERED         ; Untyped          ;
; BYTEENA_REG_B                      ; CLOCK1               ; Untyped          ;
; INDATA_ACLR_B                      ; NONE                 ; Untyped          ;
; WRCONTROL_ACLR_B                   ; NONE                 ; Untyped          ;
; ADDRESS_ACLR_B                     ; NONE                 ; Untyped          ;
; OUTDATA_ACLR_B                     ; NONE                 ; Untyped          ;
; RDCONTROL_ACLR_B                   ; NONE                 ; Untyped          ;
; BYTEENA_ACLR_B                     ; NONE                 ; Untyped          ;
; WIDTH_BYTEENA_A                    ; 1                    ; Signed Integer   ;
; WIDTH_BYTEENA_B                    ; 1                    ; Untyped          ;
; RAM_BLOCK_TYPE                     ; AUTO                 ; Untyped          ;
; BYTE_SIZE                          ; 8                    ; Untyped          ;
; READ_DURING_WRITE_MODE_MIXED_PORTS ; DONT_CARE            ; Untyped          ;
; READ_DURING_WRITE_MODE_PORT_A      ; NEW_DATA_NO_NBE_READ ; Untyped          ;
; READ_DURING_WRITE_MODE_PORT_B      ; NEW_DATA_NO_NBE_READ ; Untyped          ;
; INIT_FILE                          ; ../rom.mif           ; Untyped          ;
; INIT_FILE_LAYOUT                   ; PORT_A               ; Untyped          ;
; MAXIMUM_DEPTH                      ; 0                    ; Untyped          ;
; CLOCK_ENABLE_INPUT_A               ; BYPASS               ; Untyped          ;
; CLOCK_ENABLE_INPUT_B               ; NORMAL               ; Untyped          ;
; CLOCK_ENABLE_OUTPUT_A              ; BYPASS               ; Untyped          ;
; CLOCK_ENABLE_OUTPUT_B              ; NORMAL               ; Untyped          ;
; CLOCK_ENABLE_CORE_A                ; USE_INPUT_CLKEN      ; Untyped          ;
; CLOCK_ENABLE_CORE_B                ; USE_INPUT_CLKEN      ; Untyped          ;
; ENABLE_ECC                         ; FALSE                ; Untyped          ;
; ECC_PIPELINE_STAGE_ENABLED         ; FALSE                ; Untyped          ;
; WIDTH_ECCSTATUS                    ; 3                    ; Untyped          ;
; DEVICE_FAMILY                      ; Cyclone V            ; Untyped          ;
; CBXI_PARAMETER                     ; altsyncram_99f1      ; Untyped          ;
+------------------------------------+----------------------+------------------+
Note: In order to hide this table in the UI and the text report file, please set the "Show Parameter Settings in Synthesis Report" option in "Analysis and Synthesis Settings -> More Settings" to "Off".


+-----------------------------------------------------------------------------+
; altsyncram Parameter Settings by Entity Instance                            ;
+-------------------------------------------+---------------------------------+
; Name                                      ; Value                           ;
+-------------------------------------------+---------------------------------+
; Number of entity instances                ; 1                               ;
; Entity Instance                           ; altsyncram:altsyncram_component ;
;     -- OPERATION_MODE                     ; ROM                             ;
;     -- WIDTH_A                            ; 8                               ;
;     -- NUMWORDS_A                         ; 256                             ;
;     -- OUTDATA_REG_A                      ; CLOCK0                          ;
;     -- WIDTH_B                            ; 1                               ;
;     -- NUMWORDS_B                         ; 1                               ;
;     -- ADDRESS_REG_B                      ; CLOCK1                          ;
;     -- OUTDATA_REG_B                      ; UNREGISTERED                    ;
;     -- RAM_BLOCK_TYPE                     ; AUTO                            ;
;     -- READ_DURING_WRITE_MODE_MIXED_PORTS ; DONT_CARE                       ;
+-------------------------------------------+---------------------------------+


+-----------------------------------------------------+
; Post-Synthesis Netlist Statistics for Top Partition ;
+--------------------+--------------------------------+
; Type               ; Count                          ;
+--------------------+--------------------------------+
; boundary_port      ; 17                             ;
; stratixv_ram_block ; 8                              ;
;                    ;                                ;
; Max LUT depth      ; 0.00                           ;
; Average LUT depth  ; 0.00                           ;
+--------------------+--------------------------------+


+-------------------------------+
; Elapsed Time Per Partition    ;
+----------------+--------------+
; Partition Name ; Elapsed Time ;
+----------------+--------------+
; Top            ; 00:00:00     ;
+----------------+--------------+


+-------------------------------+
; Analysis & Synthesis Messages ;
+-------------------------------+
Info: *******************************************************************
Info: Running Quartus Prime Analysis & Synthesis
    Info: Version 20.1.1 Build 720 11/11/2020 SJ Lite Edition
    Info: Processing started: Wed Jun 16 11:31:01 2021
Info: Command: quartus_map --read_settings_files=on --write_settings_files=off ROM -c ROM
Warning (18236): Number of processors has not been specified which may cause overloading on shared machines.  Set the global assignment NUM_PARALLEL_PROCESSORS in your QSF to an appropriate value for best performance.
Info (20030): Parallel compilation is enabled and will use 4 of the 4 processors detected
Info (12021): Found 1 design units, including 1 entities, in source file rom.v
    Info (12023): Found entity 1: ROM File: C:/Users/maria/OneDrive - Estudiantes ITCR/Escritorio/Computadores/7 semestre/Taller/Proyecto/Mem/ROM.v Line: 40
Info (12021): Found 1 design units, including 1 entities, in source file counter.sv
    Info (12023): Found entity 1: counter File: C:/Users/maria/OneDrive - Estudiantes ITCR/Escritorio/Computadores/7 semestre/Taller/Proyecto/Mem/counter.sv Line: 1
Info (12021): Found 1 design units, including 1 entities, in source file toprom.sv
    Info (12023): Found entity 1: toprom File: C:/Users/maria/OneDrive - Estudiantes ITCR/Escritorio/Computadores/7 semestre/Taller/Proyecto/Mem/toprom.sv Line: 1
Info (12021): Found 1 design units, including 1 entities, in source file main.sv
    Info (12023): Found entity 1: main File: C:/Users/maria/OneDrive - Estudiantes ITCR/Escritorio/Computadores/7 semestre/Taller/Proyecto/Mem/main.sv Line: 1
Info (12021): Found 1 design units, including 1 entities, in source file arm.sv
    Info (12023): Found entity 1: arm File: C:/Users/maria/OneDrive - Estudiantes ITCR/Escritorio/Computadores/7 semestre/Taller/Proyecto/Mem/arm.sv Line: 1
Info (12021): Found 1 design units, including 1 entities, in source file datapath.sv
    Info (12023): Found entity 1: datapath File: C:/Users/maria/OneDrive - Estudiantes ITCR/Escritorio/Computadores/7 semestre/Taller/Proyecto/Mem/datapath.sv Line: 1
Info (12021): Found 1 design units, including 1 entities, in source file decoder.sv
    Info (12023): Found entity 1: decoder File: C:/Users/maria/OneDrive - Estudiantes ITCR/Escritorio/Computadores/7 semestre/Taller/Proyecto/Mem/decoder.sv Line: 1
Info (12021): Found 1 design units, including 1 entities, in source file extend.sv
    Info (12023): Found entity 1: extend File: C:/Users/maria/OneDrive - Estudiantes ITCR/Escritorio/Computadores/7 semestre/Taller/Proyecto/Mem/extend.sv Line: 1
Info (12021): Found 1 design units, including 1 entities, in source file regfile.sv
    Info (12023): Found entity 1: regfile File: C:/Users/maria/OneDrive - Estudiantes ITCR/Escritorio/Computadores/7 semestre/Taller/Proyecto/Mem/regfile.sv Line: 1
Info (12021): Found 1 design units, including 1 entities, in source file adder.sv
    Info (12023): Found entity 1: adder File: C:/Users/maria/OneDrive - Estudiantes ITCR/Escritorio/Computadores/7 semestre/Taller/Proyecto/Mem/adder.sv Line: 1
Info (12021): Found 1 design units, including 1 entities, in source file ram.v
    Info (12023): Found entity 1: RAM File: C:/Users/maria/OneDrive - Estudiantes ITCR/Escritorio/Computadores/7 semestre/Taller/Proyecto/Mem/RAM.v Line: 40
Info (12021): Found 1 design units, including 1 entities, in source file mux2to1.sv
    Info (12023): Found entity 1: mux2to1 File: C:/Users/maria/OneDrive - Estudiantes ITCR/Escritorio/Computadores/7 semestre/Taller/Proyecto/Mem/mux2to1.sv Line: 1
Info (12021): Found 1 design units, including 1 entities, in source file memo.sv
    Info (12023): Found entity 1: memo File: C:/Users/maria/OneDrive - Estudiantes ITCR/Escritorio/Computadores/7 semestre/Taller/Proyecto/Mem/memo.sv Line: 1
Info (12021): Found 1 design units, including 1 entities, in source file topram.sv
    Info (12023): Found entity 1: TopRam File: C:/Users/maria/OneDrive - Estudiantes ITCR/Escritorio/Computadores/7 semestre/Taller/Proyecto/Mem/TopRam.sv Line: 1
Info (12021): Found 1 design units, including 1 entities, in source file pcreg.sv
    Info (12023): Found entity 1: pcreg File: C:/Users/maria/OneDrive - Estudiantes ITCR/Escritorio/Computadores/7 semestre/Taller/Proyecto/Mem/pcreg.sv Line: 1
Info (12021): Found 1 design units, including 1 entities, in source file alu.sv
    Info (12023): Found entity 1: ALU File: C:/Users/maria/OneDrive - Estudiantes ITCR/Escritorio/Computadores/7 semestre/Taller/Proyecto/Mem/ALU.sv Line: 1
Info (12021): Found 1 design units, including 1 entities, in source file sumador_restador.sv
    Info (12023): Found entity 1: sumador_restador File: C:/Users/maria/OneDrive - Estudiantes ITCR/Escritorio/Computadores/7 semestre/Taller/Proyecto/Mem/sumador_restador.sv Line: 1
Info (12021): Found 1 design units, including 1 entities, in source file flagz.sv
    Info (12023): Found entity 1: flagZ File: C:/Users/maria/OneDrive - Estudiantes ITCR/Escritorio/Computadores/7 semestre/Taller/Proyecto/Mem/flagZ.sv Line: 1
Info (12021): Found 1 design units, including 1 entities, in source file flago.sv
    Info (12023): Found entity 1: flagO File: C:/Users/maria/OneDrive - Estudiantes ITCR/Escritorio/Computadores/7 semestre/Taller/Proyecto/Mem/flagO.sv Line: 1
Info (12021): Found 1 design units, including 1 entities, in source file flagn.sv
    Info (12023): Found entity 1: flagN File: C:/Users/maria/OneDrive - Estudiantes ITCR/Escritorio/Computadores/7 semestre/Taller/Proyecto/Mem/flagN.sv Line: 1
Info (12021): Found 1 design units, including 1 entities, in source file register.sv
    Info (12023): Found entity 1: register File: C:/Users/maria/OneDrive - Estudiantes ITCR/Escritorio/Computadores/7 semestre/Taller/Proyecto/Mem/register.sv Line: 1
Info (12021): Found 1 design units, including 1 entities, in source file clock25.sv
    Info (12023): Found entity 1: clock25 File: C:/Users/maria/OneDrive - Estudiantes ITCR/Escritorio/Computadores/7 semestre/Taller/Proyecto/Mem/clock25.sv Line: 1
Info (12021): Found 1 design units, including 1 entities, in source file contparam.sv
    Info (12023): Found entity 1: contparam File: C:/Users/maria/OneDrive - Estudiantes ITCR/Escritorio/Computadores/7 semestre/Taller/Proyecto/Mem/contparam.sv Line: 1
Info (12021): Found 1 design units, including 1 entities, in source file pal.v
    Info (12023): Found entity 1: PAL File: C:/Users/maria/OneDrive - Estudiantes ITCR/Escritorio/Computadores/7 semestre/Taller/Proyecto/Mem/PAL.v Line: 40
Info (12021): Found 1 design units, including 1 entities, in source file deco.sv
    Info (12023): Found entity 1: deco File: C:/Users/maria/OneDrive - Estudiantes ITCR/Escritorio/Computadores/7 semestre/Taller/Proyecto/Mem/deco.sv Line: 1
Warning (10236): Verilog HDL Implicit Net warning at main.sv(8): created implicit net for "clock_50" File: C:/Users/maria/OneDrive - Estudiantes ITCR/Escritorio/Computadores/7 semestre/Taller/Proyecto/Mem/main.sv Line: 8
Warning (10236): Verilog HDL Implicit Net warning at main.sv(8): created implicit net for "op" File: C:/Users/maria/OneDrive - Estudiantes ITCR/Escritorio/Computadores/7 semestre/Taller/Proyecto/Mem/main.sv Line: 8
Warning (10236): Verilog HDL Implicit Net warning at arm.sv(12): created implicit net for "PCSource" File: C:/Users/maria/OneDrive - Estudiantes ITCR/Escritorio/Computadores/7 semestre/Taller/Proyecto/Mem/arm.sv Line: 12
Warning (10236): Verilog HDL Implicit Net warning at arm.sv(12): created implicit net for "rd" File: C:/Users/maria/OneDrive - Estudiantes ITCR/Escritorio/Computadores/7 semestre/Taller/Proyecto/Mem/arm.sv Line: 12
Warning (10236): Verilog HDL Implicit Net warning at arm.sv(12): created implicit net for "rs" File: C:/Users/maria/OneDrive - Estudiantes ITCR/Escritorio/Computadores/7 semestre/Taller/Proyecto/Mem/arm.sv Line: 12
Warning (10236): Verilog HDL Implicit Net warning at arm.sv(12): created implicit net for "rm" File: C:/Users/maria/OneDrive - Estudiantes ITCR/Escritorio/Computadores/7 semestre/Taller/Proyecto/Mem/arm.sv Line: 12
Warning (10236): Verilog HDL Implicit Net warning at ALU.sv(9): created implicit net for "flagC" File: C:/Users/maria/OneDrive - Estudiantes ITCR/Escritorio/Computadores/7 semestre/Taller/Proyecto/Mem/ALU.sv Line: 9
Warning (10236): Verilog HDL Implicit Net warning at ALU.sv(12): created implicit net for "flagN" File: C:/Users/maria/OneDrive - Estudiantes ITCR/Escritorio/Computadores/7 semestre/Taller/Proyecto/Mem/ALU.sv Line: 12
Warning (10236): Verilog HDL Implicit Net warning at ALU.sv(13): created implicit net for "flagZ" File: C:/Users/maria/OneDrive - Estudiantes ITCR/Escritorio/Computadores/7 semestre/Taller/Proyecto/Mem/ALU.sv Line: 13
Warning (10236): Verilog HDL Implicit Net warning at ALU.sv(15): created implicit net for "foaux" File: C:/Users/maria/OneDrive - Estudiantes ITCR/Escritorio/Computadores/7 semestre/Taller/Proyecto/Mem/ALU.sv Line: 15
Warning (10236): Verilog HDL Implicit Net warning at ALU.sv(15): created implicit net for "flagO" File: C:/Users/maria/OneDrive - Estudiantes ITCR/Escritorio/Computadores/7 semestre/Taller/Proyecto/Mem/ALU.sv Line: 15
Info (12127): Elaborating entity "ROM" for the top level hierarchy
Info (12128): Elaborating entity "altsyncram" for hierarchy "altsyncram:altsyncram_component" File: C:/Users/maria/OneDrive - Estudiantes ITCR/Escritorio/Computadores/7 semestre/Taller/Proyecto/Mem/ROM.v Line: 82
Info (12130): Elaborated megafunction instantiation "altsyncram:altsyncram_component" File: C:/Users/maria/OneDrive - Estudiantes ITCR/Escritorio/Computadores/7 semestre/Taller/Proyecto/Mem/ROM.v Line: 82
Info (12133): Instantiated megafunction "altsyncram:altsyncram_component" with the following parameter: File: C:/Users/maria/OneDrive - Estudiantes ITCR/Escritorio/Computadores/7 semestre/Taller/Proyecto/Mem/ROM.v Line: 82
    Info (12134): Parameter "address_aclr_a" = "NONE"
    Info (12134): Parameter "clock_enable_input_a" = "BYPASS"
    Info (12134): Parameter "clock_enable_output_a" = "BYPASS"
    Info (12134): Parameter "init_file" = "../rom.mif"
    Info (12134): Parameter "intended_device_family" = "Cyclone V"
    Info (12134): Parameter "lpm_hint" = "ENABLE_RUNTIME_MOD=NO"
    Info (12134): Parameter "lpm_type" = "altsyncram"
    Info (12134): Parameter "numwords_a" = "256"
    Info (12134): Parameter "operation_mode" = "ROM"
    Info (12134): Parameter "outdata_aclr_a" = "NONE"
    Info (12134): Parameter "outdata_reg_a" = "CLOCK0"
    Info (12134): Parameter "widthad_a" = "8"
    Info (12134): Parameter "width_a" = "8"
    Info (12134): Parameter "width_byteena_a" = "1"
Info (12021): Found 1 design units, including 1 entities, in source file db/altsyncram_99f1.tdf
    Info (12023): Found entity 1: altsyncram_99f1 File: C:/Users/maria/OneDrive - Estudiantes ITCR/Escritorio/Computadores/7 semestre/Taller/Proyecto/Mem/db/altsyncram_99f1.tdf Line: 28
Info (12128): Elaborating entity "altsyncram_99f1" for hierarchy "altsyncram:altsyncram_component|altsyncram_99f1:auto_generated" File: c:/intelfpga_lite/20.1/quartus/libraries/megafunctions/altsyncram.tdf Line: 792
Info (144001): Generated suppressed messages file C:/Users/maria/OneDrive - Estudiantes ITCR/Escritorio/Computadores/7 semestre/Taller/Proyecto/Mem/output_files/ROM.map.smsg
Info (16010): Generating hard_block partition "hard_block:auto_generated_inst"
    Info (16011): Adding 0 node(s), including 0 DDIO, 0 PLL, 0 transceiver and 0 LCELL
Info (21057): Implemented 25 device resources after synthesis - the final resource count might be different
    Info (21058): Implemented 9 input pins
    Info (21059): Implemented 8 output pins
    Info (21064): Implemented 8 RAM segments
Info: Quartus Prime Analysis & Synthesis was successful. 0 errors, 12 warnings
    Info: Peak virtual memory: 4802 megabytes
    Info: Processing ended: Wed Jun 16 11:31:28 2021
    Info: Elapsed time: 00:00:27
    Info: Total CPU time (on all processors): 00:01:19


+------------------------------------------+
; Analysis & Synthesis Suppressed Messages ;
+------------------------------------------+
The suppressed messages can be found in C:/Users/maria/OneDrive - Estudiantes ITCR/Escritorio/Computadores/7 semestre/Taller/Proyecto/Mem/output_files/ROM.map.smsg.


